DebugPrint: 0x1be100883719: [JSArray]
 - map: 0x1be10080b4f1 <Map[16](PACKED_DOUBLE_ELEMENTS)> [FastProperties]
 - prototype: 0x1be10080ae39 <JSArray[0]>
 - elements: 0x1be100883701 <FixedDoubleArray[2]> [PACKED_DOUBLE_ELEMENTS]
 - length: 2
 - properties: 0x1be1000007bd <FixedArray[0]>
 - All own properties (excluding elements): {
    0x1be100000df1: [String] in ReadOnlySpace: #length: 0x1be100036845 <AccessorInfo name= 0x1be100000df1 <String[6]: #length>, data= 0x1be100000011 <undefined>> (const accessor descriptor, attrs: [W__]), location: descriptor
 }
 - elements: 0x1be100883701 <FixedDoubleArray[2]> {
           0: 1.1
           1: 2.2
 }
0x1be10080b4f1: [Map] in OldSpace
 - map: 0x1be100802db9 <MetaMap (0x1be100802e09 <NativeContext[302]>)>
 - type: JS_ARRAY_TYPE
 - instance size: 16
 - inobject properties: 0
 - unused property fields: 0
 - elements kind: PACKED_DOUBLE_ELEMENTS
 - enum length: invalid
 - back pointer: 0x1be10080b4ad <Map[16](HOLEY_SMI_ELEMENTS)>
 - prototype_validity_cell: 0x1be100000ac9 <Cell value= [cleared]>
 - instance descriptors #1: 0x1be10080b471 <DescriptorArray[1]>
 - transitions #1: 0x1be10080b519 <TransitionArray[5]>
   Transitions #1:
     0x1be100000e8d <Symbol: (elements_transition_symbol)>: (transition to HOLEY_DOUBLE_ELEMENTS) -> 0x1be10080b535 <Map[16](HOLEY_DOUBLE_ELEMENTS)>
 - prototype: 0x1be10080ae39 <JSArray[0]>
 - constructor: 0x1be10080ad61 <JSFunction Array (sfi = 0x1be100066001)>
 - dependent code: 0x1be1000007cd <Other heap object (WEAK_ARRAY_LIST_TYPE)>
 - construction counter: 0

DebugPrint: 0x1be100883729: [JSArrayBuffer]
 - map: 0x1be10080f271 <Map[56](HOLEY_ELEMENTS)> [FastProperties]
 - prototype: 0x1be10080f411 <Object map = 0x1be10080f299>
 - elements: 0x1be1000007bd <FixedArray[0]> [HOLEY_ELEMENTS]
 - cpp_heap_wrappable: 0
 - backing_store: 0x1adc0003a2c0
 - byte_length: 8
 - max_byte_length: 8
 - detach key: 0x1be100000011 <undefined>
 - detachable
 - properties: 0x1be1000007bd <FixedArray[0]>
 - All own properties (excluding elements): {}
0x1be10080f271: [Map] in OldSpace
 - map: 0x1be100802db9 <MetaMap (0x1be100802e09 <NativeContext[302]>)>
 - type: JS_ARRAY_BUFFER_TYPE
 - instance size: 56
 - inobject properties: 0
 - unused property fields: 0
 - elements kind: HOLEY_ELEMENTS
 - enum length: invalid
 - stable_map
 - back pointer: 0x1be100000011 <undefined>
 - prototype_validity_cell: 0x1be100000ac9 <Cell value= [cleared]>
 - instance descriptors (own) #0: 0x1be1000007e5 <DescriptorArray[0]>
 - prototype: 0x1be10080f411 <Object map = 0x1be10080f299>
 - constructor: 0x1be10080f221 <JSFunction ArrayBuffer (sfi = 0x1be10006a681)>
 - dependent code: 0x1be1000007cd <Other heap object (WEAK_ARRAY_LIST_TYPE)>
 - construction counter: 0

Error reading '1'
